<?xml version="1.0" encoding="UTF-8"?>
<!-- Generated by org.testng.reporters.JUnitReportReporter -->
<testsuite hostname="DESKTOP-74B2U81" failures="0" tests="1" name="perform.GmailLogin" time="7.697" errors="0" timestamp="11 Oct 2024 12:11:16 GMT" skipped="0">
  <testcase classname="perform.GmailLogin" name="testGmailLogin" time="7.697"/>
</testsuite> <!-- perform.GmailLogin -->
