<?xml version="1.0" encoding="UTF-8"?>
<!-- Generated by org.testng.reporters.JUnitReportReporter -->
<testsuite hostname="DESKTOP-74B2U81" failures="0" tests="1" name="perform.Parameterize" time="5.935" errors="0" timestamp="11 Oct 2024 12:29:50 GMT" skipped="0">
  <testcase classname="perform.Parameterize" name="setup" time="5.935"/>
</testsuite> <!-- perform.Parameterize -->
