<?xml version="1.0" encoding="UTF-8"?>
<!-- Generated by org.testng.reporters.JUnitReportReporter -->
<testsuite hostname="DESKTOP-74B2U81" failures="0" tests="1" name="basic.demo$SampleTest" time="0.032" errors="0" timestamp="2024-09-17T18:01:30 IST" skipped="0">
  <testcase classname="basic.demo$SampleTest" name="testMethod" time="0.032"/>
  <system-out/>
</testsuite> <!-- basic.demo$SampleTest -->
