<?xml version="1.0" encoding="UTF-8"?>
<!-- Generated by org.testng.reporters.JUnitReportReporter -->
<testsuite hostname="DESKTOP-74B2U81" failures="0" tests="1" name="basic.Parametres" time="4.747" errors="0" timestamp="2024-09-18T11:50:08 IST" skipped="0">
  <testcase classname="basic.Parametres" name="test" time="4.747"/>
  <system-out/>
</testsuite> <!-- basic.Parametres -->
