<?xml version="1.0" encoding="UTF-8"?>
<!-- Generated by org.testng.reporters.JUnitReportReporter -->
<testsuite hostname="DESKTOP-74B2U81" failures="0" tests="4" name="basic.Parametres2" time="33.865" errors="0" timestamp="2024-09-18T11:51:36 IST" skipped="0">
  <testcase classname="basic.Parametres2" name="test" time="15.022"/>
  <system-out/>
  <testcase classname="basic.Parametres2" name="test" time="6.236"/>
  <system-out/>
  <testcase classname="basic.Parametres2" name="test" time="6.254"/>
  <system-out/>
  <testcase classname="basic.Parametres2" name="test" time="6.353"/>
  <system-out/>
</testsuite> <!-- basic.Parametres2 -->
