<?xml version="1.0" encoding="UTF-8"?>
<!-- Generated by org.testng.reporters.JUnitReportReporter -->
<testsuite hostname="DESKTOP-74B2U81" failures="0" tests="6" name="basic.account" time="0.018" errors="0" timestamp="17 Sept 2024 12:15:19 GMT" skipped="0">
  <testcase classname="basic.account" name="savingaccount" time="0.005"/>
  <testcase classname="basic.account" name="currentaccount" time="0.003"/>
  <testcase classname="basic.account" name="savingaccount" time="0.002"/>
  <testcase classname="basic.account" name="currentaccount" time="0.003"/>
  <testcase classname="basic.account" name="loanaccount" time="0.003"/>
  <testcase classname="basic.account" name="loanaccount" time="0.002"/>
</testsuite> <!-- basic.account -->
