<?xml version="1.0" encoding="UTF-8"?>
<!-- Generated by org.testng.reporters.JUnitReportReporter -->
<testsuite hostname="DESKTOP-74B2U81" failures="0" tests="2" name="basic.demo" time="22.840" errors="0" timestamp="2024-09-22T11:29:05 IST" skipped="0">
  <testcase classname="basic.demo" name="sell" time="4.743"/>
  <system-out/>
  <testcase classname="basic.demo" name="mobile" time="18.097"/>
  <system-out/>
</testsuite> <!-- basic.demo -->
