<?xml version="1.0" encoding="UTF-8"?>
<!-- Generated by org.testng.reporters.JUnitReportReporter -->
<testsuite hostname="DESKTOP-74B2U81" failures="0" tests="3" name="Testng.demo" time="0.013" errors="0" timestamp="13 Sept 2024 09:11:28 GMT" skipped="0">
  <testcase classname="Testng.demo" name="test" time="0.011"/>
  <testcase classname="Testng.demo" name="alpha" time="0.001"/>
  <testcase classname="Testng.demo" name="beta" time="0.001"/>
</testsuite> <!-- Testng.demo -->
