<?xml version="1.0" encoding="UTF-8"?>
<!-- Generated by org.testng.reporters.JUnitReportReporter -->
<testsuite hostname="DESKTOP-74B2U81" failures="0" tests="4" name="basic.payment" time="0.032" errors="0" timestamp="17 Sept 2024 12:15:19 GMT" skipped="0">
  <testcase classname="basic.payment" name="creditrcard" time="0.002"/>
  <testcase classname="basic.payment" name="creditrcard" time="0.027"/>
  <testcase classname="basic.payment" name="debitCard" time="0.002"/>
  <testcase classname="basic.payment" name="debitCard" time="0.001"/>
</testsuite> <!-- basic.payment -->
