<?xml version="1.0" encoding="UTF-8"?>
<!-- Generated by org.testng.reporters.JUnitReportReporter -->
<testsuite hostname="DESKTOP-74B2U81" failures="0" tests="1" name="com.Logintest" time="9.232" errors="0" timestamp="28 Sept 2024 05:19:26 GMT" skipped="0">
  <testcase classname="com.Logintest" name="test" time="9.232"/>
</testsuite> <!-- com.Logintest -->
