<?xml version="1.0" encoding="UTF-8"?>
<!-- Generated by org.testng.reporters.JUnitReportReporter -->
<testsuite hostname="DESKTOP-74B2U81" failures="0" tests="3" name="com.demo" time="7.042" errors="0" timestamp="23 Sept 2024 06:49:14 GMT" skipped="0">
  <testcase classname="com.demo" name="test" time="2.466"/>
  <testcase classname="com.demo" name="test" time="2.251"/>
  <testcase classname="com.demo" name="test" time="2.325"/>
</testsuite> <!-- com.demo -->
