<?xml version="1.0" encoding="UTF-8"?>
<!-- Generated by org.testng.reporters.JUnitReportReporter -->
<testsuite hostname="DESKTOP-74B2U81" failures="0" tests="6" name="com.hydrid" time="15.755" errors="0" timestamp="27 Sept 2024 05:03:01 GMT" skipped="0">
  <testcase classname="com.hydrid" name="test" time="4.440"/>
  <testcase classname="com.hydrid" name="test" time="2.509"/>
  <testcase classname="com.hydrid" name="test" time="2.210"/>
  <testcase classname="com.hydrid" name="test" time="2.204"/>
  <testcase classname="com.hydrid" name="test" time="2.197"/>
  <testcase classname="com.hydrid" name="test" time="2.195"/>
</testsuite> <!-- com.hydrid -->
