<?xml version="1.0" encoding="UTF-8"?>
<!-- Generated by org.testng.reporters.JUnitReportReporter -->
<testsuite hostname="DESKTOP-74B2U81" failures="0" tests="2" name="com.demos" time="3.595" errors="0" timestamp="26 Sept 2024 06:02:24 GMT" skipped="0">
  <testcase classname="com.demos" name="test" time="2.096"/>
  <testcase classname="com.demos" name="test" time="1.499"/>
</testsuite> <!-- com.demos -->
