<?xml version="1.0" encoding="UTF-8"?>
<!-- Generated by org.testng.reporters.JUnitReportReporter -->
<testsuite hostname="DESKTOP-74B2U81" failures="0" tests="1" name="Main.LoginTest" time="0.000" errors="0" timestamp="14 Oct 2024 11:56:50 GMT" skipped="1">
  <testcase classname="Main.LoginTest" name="login" time="0.000">
    <skipped/>
  </testcase> <!-- login -->
</testsuite> <!-- Main.LoginTest -->
